2020-08-15 19:09:46,830 [1] INFO GetPronunciationMazzi.App -         =============  Started Logging  =============        
2020-08-15 19:09:48,325 [1] INFO GetPronunciationMazzi.MainWindow - Init Open file dialog
2020-08-15 19:09:48,325 [1] INFO GetPronunciationMazzi.MainWindow - Show Open file dialog
2020-08-15 19:10:28,422 [1] INFO GetPronunciationMazzi.MainWindow - Finish Open file dialog
2020-08-15 19:27:03,007 [1] INFO GetPronunciationMazzi.App -         =============  Started Logging  =============        
2020-08-15 19:27:07,107 [1] INFO GetPronunciationMazzi.MainWindow - Init Open file dialog
2020-08-15 19:27:07,107 [1] INFO GetPronunciationMazzi.MainWindow - Show Open file dialog
2020-08-15 19:27:10,527 [1] INFO GetPronunciationMazzi.MainWindow - Finish Open file dialog
2020-08-15 19:27:12,083 [1] INFO GetPronunciationMazzi.MainWindow - Init Open file dialog
2020-08-15 19:27:12,083 [1] INFO GetPronunciationMazzi.MainWindow - Show Open file dialog
2020-08-15 19:27:16,565 [1] INFO GetPronunciationMazzi.MainWindow - Finish Open file dialog
2020-08-15 19:27:53,652 [1] INFO GetPronunciationMazzi.App -         =============  Started Logging  =============        
2020-08-15 19:27:54,931 [1] INFO GetPronunciationMazzi.MainWindow - Init Open file dialog
2020-08-15 19:27:54,931 [1] INFO GetPronunciationMazzi.MainWindow - Show Open file dialog
2020-08-15 19:27:58,281 [1] INFO GetPronunciationMazzi.MainWindow - Finish Open file dialog
2020-08-15 19:30:26,437 [1] INFO GetPronunciationMazzi.App -         =============  Started Logging  =============        
2020-08-15 19:30:27,844 [1] INFO GetPronunciationMazzi.MainWindow - Init Open file dialog
2020-08-15 19:30:27,844 [1] INFO GetPronunciationMazzi.MainWindow - Show Open file dialog
2020-08-15 19:30:31,240 [1] INFO GetPronunciationMazzi.MainWindow - Finish Open file dialog
2020-08-15 19:32:55,234 [1] INFO GetPronunciationMazzi.App -         =============  Started Logging  =============        
2020-08-15 19:32:56,571 [1] INFO GetPronunciationMazzi.MainWindow - Init Open file dialog
2020-08-15 19:32:56,571 [1] INFO GetPronunciationMazzi.MainWindow - Show Open file dialog
2020-08-15 19:33:00,530 [1] INFO GetPronunciationMazzi.MainWindow - Finish Open file dialog
2020-08-15 19:40:16,747 [1] INFO GetPronunciationMazzi.App -         =============  Started Logging  =============        
2020-08-15 19:40:18,385 [1] INFO GetPronunciationMazzi.MainWindow - Init Open file dialog
2020-08-15 19:40:18,386 [1] INFO GetPronunciationMazzi.MainWindow - Show Open file dialog
2020-08-15 19:40:22,099 [1] INFO GetPronunciationMazzi.MainWindow - Finish Open file dialog
2020-08-15 21:04:53,257 [1] INFO GetPronunciationMazzi.App -         =============  Started Logging  =============        
2020-08-15 21:04:54,711 [1] INFO GetPronunciationMazzi.MainWindow - Init Open file dialog
2020-08-15 21:04:54,712 [1] INFO GetPronunciationMazzi.MainWindow - Show Open file dialog
2020-08-15 21:04:58,642 [1] INFO GetPronunciationMazzi.MainWindow - Finish Open file dialog
2020-08-15 21:42:31,980 [1] INFO GetPronunciationMazzi.App -         =============  Started Logging  =============        
2020-08-15 21:42:33,427 [1] INFO GetPronunciationMazzi.MainWindow - Init Open file dialog
2020-08-15 21:42:33,427 [1] INFO GetPronunciationMazzi.MainWindow - Show Open file dialog
2020-08-15 21:42:37,518 [1] INFO GetPronunciationMazzi.MainWindow - Finish Open file dialog
2020-08-15 21:45:23,700 [1] INFO GetPronunciationMazzi.App -         =============  Started Logging  =============        
2020-08-15 21:45:25,290 [1] INFO GetPronunciationMazzi.MainWindow - Init Open file dialog
2020-08-15 21:45:25,290 [1] INFO GetPronunciationMazzi.MainWindow - Show Open file dialog
2020-08-15 21:45:29,549 [1] INFO GetPronunciationMazzi.MainWindow - Finish Open file dialog
2020-08-16 10:25:02,664 [1] INFO GetPronunciationMazzi.App -         =============  Started Logging  =============        
2020-08-16 10:25:26,871 [1] INFO GetPronunciationMazzi.MainWindow - Init Open file dialog
2020-08-16 10:25:26,871 [1] INFO GetPronunciationMazzi.MainWindow - Show Open file dialog
2020-08-16 10:25:30,340 [1] INFO GetPronunciationMazzi.MainWindow - Finish Open file dialog
2020-08-16 10:26:08,437 [1] INFO GetPronunciationMazzi.App -         =============  Started Logging  =============        
2020-08-16 10:31:14,246 [1] INFO GetPronunciationMazzi.MainWindow - Init Open file dialog
2020-08-16 10:31:14,246 [1] INFO GetPronunciationMazzi.MainWindow - Show Open file dialog
2020-08-16 10:31:17,081 [1] INFO GetPronunciationMazzi.MainWindow - Finish Open file dialog
2020-08-16 10:47:08,494 [1] INFO GetPronunciationMazzi.App -         =============  Started Logging  =============        
2020-08-16 10:47:22,205 [1] INFO GetPronunciationMazzi.MainWindow - Init Open file dialog
2020-08-16 10:47:22,205 [1] INFO GetPronunciationMazzi.MainWindow - Show Open file dialog
2020-08-16 10:47:24,491 [1] INFO GetPronunciationMazzi.MainWindow - Finish Open file dialog
2020-08-16 10:52:31,956 [1] INFO GetPronunciationMazzi.App -         =============  Started Logging  =============        
2020-08-16 11:35:56,555 [1] INFO GetPronunciationMazzi.MainWindow - Init Open file dialog
2020-08-16 11:35:56,555 [1] INFO GetPronunciationMazzi.MainWindow - Show Open file dialog
2020-08-16 11:35:58,739 [1] INFO GetPronunciationMazzi.MainWindow - Finish Open file dialog
2020-08-16 11:39:12,478 [1] INFO GetPronunciationMazzi.App -         =============  Started Logging  =============        
2020-08-16 11:39:15,643 [1] INFO GetPronunciationMazzi.MainWindow - Init Open file dialog
2020-08-16 11:39:15,643 [1] INFO GetPronunciationMazzi.MainWindow - Show Open file dialog
2020-08-16 11:39:18,042 [1] INFO GetPronunciationMazzi.MainWindow - Finish Open file dialog
2020-08-16 12:04:10,454 [1] INFO GetPronunciationMazzi.App -         =============  Started Logging  =============        
2020-08-16 12:04:10,605 [1] INFO GetPronunciationMazzi.MainWindow - Welcome?
2020-08-16 12:04:25,223 [1] INFO GetPronunciationMazzi.MainWindow - Loaded file: pokemon-Mazii.csv
2020-08-16 12:04:26,345 [1] INFO GetPronunciationMazzi.MainWindow - Processing...
2020-08-16 12:05:10,783 [1] INFO GetPronunciationMazzi.App -         =============  Started Logging  =============        
2020-08-16 12:05:10,925 [1] INFO GetPronunciationMazzi.MainWindow - Welcome?
2020-08-16 12:05:16,477 [1] INFO GetPronunciationMazzi.MainWindow - Loaded file: pokemon-Mazii.csv
2020-08-16 12:05:17,594 [1] INFO GetPronunciationMazzi.MainWindow - Processing...
2020-08-16 12:06:44,176 [1] INFO GetPronunciationMazzi.App -         =============  Started Logging  =============        
2020-08-16 12:06:44,329 [1] INFO GetPronunciationMazzi.MainWindow - Welcome?
2020-08-16 12:06:47,862 [1] INFO GetPronunciationMazzi.MainWindow - Loaded file: pokemon-Mazii.csv
2020-08-16 12:06:48,769 [1] INFO GetPronunciationMazzi.MainWindow - Processing...
2020-08-16 12:10:13,236 [1] INFO GetPronunciationMazzi.MainWindow - ----- Finish ------
2020-08-16 12:10:43,558 [1] INFO GetPronunciationMazzi.MainWindow - Export CSV Completed!
2020-08-16 12:18:05,883 [1] INFO GetPronunciationMazzi.App -         =============  Started Logging  =============        
2020-08-16 12:18:06,041 [1] INFO GetPronunciationMazzi.MainWindow - Welcome?
2020-08-16 12:18:12,579 [1] INFO GetPronunciationMazzi.MainWindow - Loaded file: pokemon-Mazii.csv
2020-08-16 12:18:13,815 [1] INFO GetPronunciationMazzi.MainWindow - Processing...
2020-08-16 12:21:37,798 [1] INFO GetPronunciationMazzi.MainWindow - ----- Finish ------
2020-08-16 12:22:09,303 [1] INFO GetPronunciationMazzi.MainWindow - Export CSV Completed!
2020-08-16 12:25:36,385 [1] INFO GetPronunciationMazzi.App -         =============  Started Logging  =============        
2020-08-16 12:25:36,524 [1] INFO GetPronunciationMazzi.MainWindow - Welcome?
2020-08-16 12:25:44,475 [1] INFO GetPronunciationMazzi.MainWindow - Loaded file: pokemon-Mazii.csv
2020-08-16 12:25:45,910 [1] INFO GetPronunciationMazzi.MainWindow - Processing...
2020-08-16 12:29:13,367 [1] INFO GetPronunciationMazzi.MainWindow - ----- Finish ------
2020-08-16 12:29:26,142 [1] INFO GetPronunciationMazzi.MainWindow - Export CSV Completed!
2020-08-16 12:32:37,243 [1] INFO GetPronunciationMazzi.MainWindow - Loaded file: Hay-g?p-Mazii.csv
2020-08-16 12:32:38,849 [1] INFO GetPronunciationMazzi.MainWindow - Processing...
2020-08-16 12:43:54,750 [1] INFO GetPronunciationMazzi.MainWindow - ----- Finish ------
2020-08-16 12:48:02,658 [1] INFO GetPronunciationMazzi.App -         =============  Started Logging  =============        
2020-08-16 12:48:02,792 [1] INFO GetPronunciationMazzi.MainWindow - Welcome?
2020-08-16 12:48:10,926 [1] INFO GetPronunciationMazzi.MainWindow - Loaded file: summonnight-Mazii.csv
2020-08-16 12:48:13,767 [1] INFO GetPronunciationMazzi.MainWindow - Processing...
2020-08-16 12:49:26,183 [1] INFO GetPronunciationMazzi.App -         =============  Started Logging  =============        
2020-08-16 12:49:26,323 [1] INFO GetPronunciationMazzi.MainWindow - Welcome?
2020-08-16 12:49:29,435 [1] INFO GetPronunciationMazzi.MainWindow - Loaded file: summonnight-Mazii.csv
2020-08-16 12:49:30,472 [1] INFO GetPronunciationMazzi.MainWindow - Processing...
2020-08-16 12:57:04,157 [1] INFO GetPronunciationMazzi.MainWindow - ----- Finish ------
2020-08-16 13:35:19,744 [1] INFO GetPronunciationMazzi.MainWindow - Export CSV Completed!
2020-08-16 13:36:55,438 [1] INFO GetPronunciationMazzi.App -         =============  Started Logging  =============        
2020-08-16 13:36:55,580 [1] INFO GetPronunciationMazzi.MainWindow - Welcome?
2020-08-16 13:37:08,196 [1] INFO GetPronunciationMazzi.MainWindow - Loaded file: Hay-g?p-Mazii.csv
2020-08-16 13:37:09,917 [1] INFO GetPronunciationMazzi.MainWindow - Processing...
2020-08-16 13:39:56,125 [1] INFO GetPronunciationMazzi.App -         =============  Started Logging  =============        
2020-08-16 13:39:56,260 [1] INFO GetPronunciationMazzi.MainWindow - Welcome?
2020-08-16 13:40:04,039 [1] INFO GetPronunciationMazzi.MainWindow - Loaded file: summonnight-Mazii.csv
2020-08-16 13:40:05,861 [1] INFO GetPronunciationMazzi.MainWindow - Processing...
2020-08-16 13:46:51,767 [1] INFO GetPronunciationMazzi.MainWindow - ----- Finish ------
2020-08-16 13:48:10,660 [1] INFO GetPronunciationMazzi.MainWindow - Export CSV Completed!
2020-08-16 13:49:12,773 [1] INFO GetPronunciationMazzi.MainWindow - Loaded file: pokemon-Mazii.csv
2020-08-16 13:49:14,276 [1] INFO GetPronunciationMazzi.MainWindow - Processing...
2020-08-16 13:52:47,553 [1] INFO GetPronunciationMazzi.MainWindow - ----- Finish ------
2020-08-16 13:56:56,494 [1] INFO GetPronunciationMazzi.MainWindow - Export CSV Completed!
2020-08-16 13:57:03,580 [1] INFO GetPronunciationMazzi.MainWindow - Loaded file: Hay-g?p-Mazii.csv
2020-08-16 13:57:05,244 [1] INFO GetPronunciationMazzi.MainWindow - Processing...
2020-08-16 14:06:52,256 [1] INFO GetPronunciationMazzi.MainWindow - ----- Finish ------
2020-08-16 14:07:10,283 [1] INFO GetPronunciationMazzi.MainWindow - Export CSV Completed!
2020-08-16 22:27:06,753 [1] INFO GetPronunciationMazzi.App -         =============  Started Logging  =============        
2020-08-16 22:27:06,964 [1] INFO GetPronunciationMazzi.MainWindow - Welcome?
2020-08-16 22:27:42,063 [1] INFO GetPronunciationMazzi.MainWindow - Loaded Previous Pronounciation file: summonnight-Mazii.csv
2020-08-16 22:28:59,669 [1] INFO GetPronunciationMazzi.App -         =============  Started Logging  =============        
2020-08-16 22:28:59,808 [1] INFO GetPronunciationMazzi.MainWindow - Welcome?
2020-08-16 22:31:18,374 [1] INFO GetPronunciationMazzi.App -         =============  Started Logging  =============        
2020-08-16 22:31:18,508 [1] INFO GetPronunciationMazzi.MainWindow - Welcome?
2020-08-16 22:31:22,995 [1] INFO GetPronunciationMazzi.MainWindow - Loaded Previous Pronounciation file: summonnight-Mazii_pronounciation.csv
2020-08-16 22:31:26,756 [1] INFO GetPronunciationMazzi.MainWindow - Loaded file: summonnight-Mazii.csv
2020-08-16 22:33:06,822 [1] INFO GetPronunciationMazzi.App -         =============  Started Logging  =============        
2020-08-16 22:33:06,998 [1] INFO GetPronunciationMazzi.MainWindow - Welcome?
2020-08-16 22:33:11,831 [1] INFO GetPronunciationMazzi.MainWindow - Loaded Previous Pronounciation file: summonnight-Mazii_pronounciation.csv
2020-08-16 22:33:15,578 [1] INFO GetPronunciationMazzi.MainWindow - Loaded file: summonnight-Mazii.csv
2020-08-16 22:33:16,558 [1] INFO GetPronunciationMazzi.MainWindow - There is no new word to get pronounciation ?
2020-08-24 22:35:50,605 [1] INFO GetPronunciationMazzi.App -         =============  Started Logging  =============        
2020-08-24 22:35:50,746 [1] INFO GetPronunciationMazzi.MainWindow - Welcome?
2020-08-24 22:50:01,310 [1] INFO GetPronunciationMazzi.App -         =============  Started Logging  =============        
2020-08-24 22:50:01,449 [1] INFO GetPronunciationMazzi.MainWindow - Welcome?
2020-08-24 22:50:33,549 [1] INFO GetPronunciationMazzi.App -         =============  Started Logging  =============        
2020-08-24 22:50:33,687 [1] INFO GetPronunciationMazzi.MainWindow - Welcome?
2020-08-24 22:50:44,147 [1] INFO GetPronunciationMazzi.MainWindow - Loaded file: Hay-g?p-Mazii.csv
2020-08-24 22:51:02,365 [1] INFO GetPronunciationMazzi.MainWindow - Loaded Ignore Words file: Hay-g?p-Mazii_pronounciation.csv
2020-08-24 22:53:43,434 [1] INFO GetPronunciationMazzi.App -         =============  Started Logging  =============        
2020-08-24 22:53:43,576 [1] INFO GetPronunciationMazzi.MainWindow - Welcome?
2020-08-24 22:53:47,863 [1] INFO GetPronunciationMazzi.MainWindow - Loaded file: summonnight-Mazii.csv
2020-08-24 22:53:55,497 [1] INFO GetPronunciationMazzi.MainWindow - Loaded Ignore Words file: summonnight-Mazii_pronounciation.csv
2020-08-24 22:54:12,195 [1] INFO GetPronunciationMazzi.App -         =============  Started Logging  =============        
2020-08-24 22:54:12,336 [1] INFO GetPronunciationMazzi.MainWindow - Welcome?
2020-08-24 22:54:20,655 [1] INFO GetPronunciationMazzi.MainWindow - Loaded file: Hay-g?p-Mazii.csv
2020-08-24 22:54:40,369 [1] INFO GetPronunciationMazzi.App -         =============  Started Logging  =============        
2020-08-24 22:54:40,525 [1] INFO GetPronunciationMazzi.MainWindow - Welcome?
2020-08-24 22:54:44,164 [1] INFO GetPronunciationMazzi.MainWindow - Loaded file: summonnight-Mazii.csv
2020-08-24 22:54:49,312 [1] INFO GetPronunciationMazzi.MainWindow - Loaded Ignore Words file: Hay-g?p-Mazii_pronounciation.csv
2020-08-24 22:54:55,828 [1] INFO GetPronunciationMazzi.MainWindow - Loaded Ignore Words file: summonnight-Mazii_pronounciation.csv
2020-08-24 23:03:40,693 [1] INFO GetPronunciationMazzi.App -         =============  Started Logging  =============        
2020-08-24 23:03:40,853 [1] INFO GetPronunciationMazzi.MainWindow - Welcome?
2020-08-24 23:03:49,478 [1] INFO GetPronunciationMazzi.MainWindow - Loaded file: MimiKara-Mazii.csv
2020-08-24 23:03:57,319 [1] INFO GetPronunciationMazzi.MainWindow - Loaded Ignore Words file: pokemon-Mazii_pronounciation.csv
2020-08-24 23:03:59,680 [1] INFO GetPronunciationMazzi.MainWindow - Processing...
2020-08-24 23:04:08,282 [1] INFO GetPronunciationMazzi.MainWindow - ----- Finish ------
2020-08-24 23:04:30,831 [1] INFO GetPronunciationMazzi.MainWindow - Loaded file: pokemon-Mazii.csv
2020-08-24 23:04:32,417 [1] INFO GetPronunciationMazzi.MainWindow - There is no new word to get pronounciation ?
2020-08-24 23:04:34,729 [1] INFO GetPronunciationMazzi.MainWindow - There is no new word to get pronounciation ?
2020-08-24 23:04:35,951 [1] INFO GetPronunciationMazzi.MainWindow - There is no new word to get pronounciation ?
2020-08-24 23:04:36,360 [1] INFO GetPronunciationMazzi.MainWindow - There is no new word to get pronounciation ?
2020-08-24 23:04:36,752 [1] INFO GetPronunciationMazzi.MainWindow - There is no new word to get pronounciation ?
2020-08-24 23:04:36,983 [1] INFO GetPronunciationMazzi.MainWindow - There is no new word to get pronounciation ?
2020-08-24 23:04:37,159 [1] INFO GetPronunciationMazzi.MainWindow - There is no new word to get pronounciation ?
2020-08-24 23:04:37,335 [1] INFO GetPronunciationMazzi.MainWindow - There is no new word to get pronounciation ?
2020-08-24 23:04:37,512 [1] INFO GetPronunciationMazzi.MainWindow - There is no new word to get pronounciation ?
2020-08-24 23:04:37,696 [1] INFO GetPronunciationMazzi.MainWindow - There is no new word to get pronounciation ?
2020-08-24 23:04:41,169 [1] INFO GetPronunciationMazzi.MainWindow - Processing...
2020-08-24 23:05:29,418 [1] INFO GetPronunciationMazzi.App -         =============  Started Logging  =============        
2020-08-24 23:05:29,565 [1] INFO GetPronunciationMazzi.MainWindow - Welcome?
2020-08-24 23:05:33,539 [1] INFO GetPronunciationMazzi.MainWindow - Loaded file: summonnight-Mazii.csv
2020-08-24 23:05:36,082 [1] INFO GetPronunciationMazzi.MainWindow - Loaded Ignore Words file: summonnight-Mazii_pronounciation.csv
2020-08-24 23:05:37,394 [1] INFO GetPronunciationMazzi.MainWindow - There is no new word to get pronounciation ?
2020-08-24 23:05:40,928 [1] INFO GetPronunciationMazzi.MainWindow - There is no new word to get pronounciation ?
2020-08-24 23:05:41,407 [1] INFO GetPronunciationMazzi.MainWindow - There is no new word to get pronounciation ?
2020-08-24 23:05:41,696 [1] INFO GetPronunciationMazzi.MainWindow - There is no new word to get pronounciation ?
2020-08-24 23:05:41,888 [1] INFO GetPronunciationMazzi.MainWindow - There is no new word to get pronounciation ?
2020-08-24 23:05:42,095 [1] INFO GetPronunciationMazzi.MainWindow - There is no new word to get pronounciation ?
2020-08-24 23:13:51,327 [1] INFO GetPronunciationMazzi.App -         =============  Started Logging  =============        
2020-08-24 23:13:51,485 [1] INFO GetPronunciationMazzi.MainWindow - Welcome?
2020-08-24 23:16:15,473 [1] INFO GetPronunciationMazzi.App -         =============  Started Logging  =============        
2020-08-24 23:16:15,626 [1] INFO GetPronunciationMazzi.MainWindow - Welcome?
2020-08-24 23:16:21,213 [1] INFO GetPronunciationMazzi.MainWindow - Loaded file: summonnight-Mazii.csv
2020-08-24 23:16:22,693 [1] INFO GetPronunciationMazzi.MainWindow - Processing...
2020-08-24 23:18:18,754 [1] INFO GetPronunciationMazzi.App -         =============  Started Logging  =============        
2020-08-24 23:18:18,911 [1] INFO GetPronunciationMazzi.MainWindow - Welcome?
2020-08-24 23:18:32,458 [1] INFO GetPronunciationMazzi.MainWindow - Loaded file: MimiKara-Mazii.csv
2020-08-24 23:18:33,558 [1] INFO GetPronunciationMazzi.MainWindow - Processing...
2020-08-24 23:18:42,673 [1] INFO GetPronunciationMazzi.MainWindow - ----- Finish ------
2020-08-24 23:18:45,717 [1] INFO GetPronunciationMazzi.MainWindow - Export CSV Completed!
2020-08-24 23:26:19,848 [1] INFO GetPronunciationMazzi.App -         =============  Started Logging  =============        
2020-08-24 23:26:20,004 [1] INFO GetPronunciationMazzi.MainWindow - Welcome?
2020-08-24 23:26:39,418 [1] INFO GetPronunciationMazzi.App -         =============  Started Logging  =============        
2020-08-24 23:26:39,573 [1] INFO GetPronunciationMazzi.MainWindow - Welcome?
2020-08-24 23:26:48,998 [1] INFO GetPronunciationMazzi.MainWindow - Loaded file: summonnight-Mazii.csv
2020-08-24 23:26:50,086 [1] INFO GetPronunciationMazzi.MainWindow - Processing...
2020-08-24 23:27:48,653 [1] INFO GetPronunciationMazzi.App -         =============  Started Logging  =============        
2020-08-24 23:27:48,800 [1] INFO GetPronunciationMazzi.MainWindow - Welcome?
2020-08-24 23:27:55,176 [1] INFO GetPronunciationMazzi.MainWindow - Loaded file: summonnight-Mazii.csv
2020-08-24 23:27:57,188 [1] INFO GetPronunciationMazzi.MainWindow - Processing...
2020-08-24 23:30:33,213 [1] INFO GetPronunciationMazzi.App -         =============  Started Logging  =============        
2020-08-24 23:30:53,649 [1] INFO GetPronunciationMazzi.App -         =============  Started Logging  =============        
2020-08-24 23:32:34,263 [1] INFO GetPronunciationMazzi.App -         =============  Started Logging  =============        
2020-08-24 23:32:34,417 [1] INFO GetPronunciationMazzi.MainWindow - Welcome?
2020-08-24 23:33:22,364 [1] INFO GetPronunciationMazzi.App -         =============  Started Logging  =============        
2020-08-24 23:33:22,511 [1] INFO GetPronunciationMazzi.MainWindow - Welcome?
2020-08-24 23:33:33,415 [1] INFO GetPronunciationMazzi.MainWindow - Loaded file: summonnight-Mazii.csv
2020-08-24 23:34:19,466 [1] INFO GetPronunciationMazzi.App -         =============  Started Logging  =============        
2020-08-24 23:34:19,615 [1] INFO GetPronunciationMazzi.MainWindow - Welcome?
2020-08-24 23:34:31,835 [1] INFO GetPronunciationMazzi.MainWindow - Loaded file: summonnight-Mazii.csv
2020-08-24 23:34:36,308 [1] INFO GetPronunciationMazzi.MainWindow - Loaded Ignore Words file: summonnight-Mazii_pronounciation.csv
2020-08-24 23:35:20,776 [1] INFO GetPronunciationMazzi.App -         =============  Started Logging  =============        
2020-08-24 23:35:20,925 [1] INFO GetPronunciationMazzi.MainWindow - Welcome?
2020-08-24 23:35:33,201 [1] INFO GetPronunciationMazzi.MainWindow - Loaded file: pokemon-Mazii.csv
2020-08-24 23:35:37,675 [1] INFO GetPronunciationMazzi.MainWindow - Loaded Ignore Words file: pokemon-Mazii_pronounciation.csv
2020-08-24 23:35:39,261 [1] INFO GetPronunciationMazzi.MainWindow - There is no new word to get pronounciation
2020-08-24 23:35:44,912 [1] INFO GetPronunciationMazzi.MainWindow - Loaded file: Hay-g?p-Mazii.csv
2020-08-24 23:35:47,420 [1] INFO GetPronunciationMazzi.MainWindow - Processing...
2020-08-24 23:44:25,222 [1] INFO GetPronunciationMazzi.App -         =============  Started Logging  =============        
2020-08-24 23:44:25,374 [1] INFO GetPronunciationMazzi.MainWindow - Welcome?
2020-08-24 23:44:36,553 [1] INFO GetPronunciationMazzi.MainWindow - Loaded file: pokemon-Mazii.csv
2020-08-24 23:44:37,832 [1] INFO GetPronunciationMazzi.MainWindow - Processing...
2020-08-24 23:44:57,525 [1] INFO GetPronunciationMazzi.MainWindow - ----- Finish ------
2020-08-24 23:45:11,319 [1] INFO GetPronunciationMazzi.MainWindow - Export CSV Completed!
2020-08-24 23:48:31,340 [1] INFO GetPronunciationMazzi.App -         =============  Started Logging  =============        
2020-08-24 23:48:31,495 [1] INFO GetPronunciationMazzi.MainWindow - Welcome?
2020-08-24 23:48:36,261 [1] INFO GetPronunciationMazzi.MainWindow - Loaded file: pokemon-Mazii.csv
2020-08-24 23:48:37,287 [1] INFO GetPronunciationMazzi.MainWindow - Processing...
2020-08-24 23:48:46,229 [1] INFO GetPronunciationMazzi.MainWindow - ----- Finish ------
2020-08-24 23:53:56,030 [1] INFO GetPronunciationMazzi.App -         =============  Started Logging  =============        
2020-08-24 23:53:56,189 [1] INFO GetPronunciationMazzi.MainWindow - Welcome?
2020-08-24 23:54:01,862 [1] INFO GetPronunciationMazzi.MainWindow - Loaded file: MimiKara-Mazii.csv ?? Total: 2 word(s)
2020-08-24 23:54:13,462 [1] INFO GetPronunciationMazzi.MainWindow - Loaded file: Hay-g?p-Mazii.csv ?? Total: 100 word(s)
2020-08-24 23:54:18,119 [1] INFO GetPronunciationMazzi.MainWindow - Loaded file: summonnight-Mazii.csv ?? Total: 65 word(s)
2020-08-24 23:54:21,744 [1] INFO GetPronunciationMazzi.MainWindow - Processing...
2020-08-24 23:54:26,292 [1] INFO GetPronunciationMazzi.MainWindow - ----- Finish ------
2020-08-24 23:54:30,328 [1] INFO GetPronunciationMazzi.MainWindow - Export CSV Completed!
2020-08-24 23:55:00,841 [1] INFO GetPronunciationMazzi.App -         =============  Started Logging  =============        
2020-08-24 23:55:01,002 [1] INFO GetPronunciationMazzi.MainWindow - Welcome?
